53.209999 53.904400 4 -1.386294
53.904400 54.598801 5 -1.609438
54.598801 55.293201 4 -1.386294
55.293201 55.987602 8 -2.079442
55.987602 56.682003 5 -1.609438
56.682003 57.376404 2 -0.693147
57.376404 58.070805 5 -1.609438
58.070805 58.765205 3 -1.098612
58.765205 59.459606 8 -2.079442
59.459606 60.154007 11 -2.397895
60.154007 60.848408 4 -1.386294
60.848408 61.542809 4 -1.386294
61.542809 62.237209 22 -3.091043
62.237209 62.931610 18 -2.890372
62.931610 63.626011 14 -2.639057
63.626011 64.320412 15 -2.708050
64.320412 65.014809 14 -2.639057
65.014809 65.709206 19 -2.944439
65.709206 66.403603 14 -2.639057
66.403603 67.098000 16 -2.772589
67.098000 67.792397 24 -3.178054
67.792397 68.486794 13 -2.564949
68.486794 69.181190 14 -2.639057
69.181190 69.875587 3 -1.098612
69.875587 70.569984 1 -0.000000
