-4.154184 -4.158883 -4.141069 -4.139955 -4.117770 50331648
-4.141705 -4.142658 -4.139477 -4.132443 -4.116178 -1362014464
-4.137883 -4.137883 -4.127295 -4.125520 -4.103996 1705039296
-4.122284 -4.124550 -4.121635 -4.117084 -4.098336 1705039296
-4.123903 -4.127295 -4.123094 -4.120337 -4.099795 1705039296
-4.130355 -4.142023 -4.140114 -4.125843 -4.116815 1705039296
-4.139159 -4.141705 -4.132924 -4.126650 -4.109625 1705039296
-4.131158 -4.137404 -4.135646 -4.127295 -4.112347 1705039296
-4.126812 -4.141069 -4.130033 -4.125359 -4.106734 1705039296
-4.133886 -4.147253 -4.144562 -4.133726 -4.121263 1705039296
-4.140592 -4.149621 -4.146462 -4.140274 -4.123163 1705039296
-4.135006 -4.142341 -4.121798 -4.111857 -4.098498 1705039296
-4.125682 -4.145196 -4.136925 -4.123094 -4.113626 1705039296
-4.136765 -4.142182 -4.137084 -4.133726 -4.113786 1705039296
-4.138840 -4.147885 -4.146304 -4.129712 -4.123005 1705039296
-4.160600 -4.163404 -4.151827 -4.151355 -4.128528 1705039296
-4.153085 -4.167750 -4.162470 -4.153085 -4.139171 1705039296
-4.161068 -4.163093 -4.157476 -4.152299 -4.134177 1705039296
-4.151827 -4.157476 -4.157006 -4.142976 -4.133707 1705039296
-4.157006 -4.165735 -4.162315 -4.152456 -4.139016 1705039296
-4.164026 -4.168833 -4.158258 -4.156223 -4.134959 1705039296
-4.155753 -4.157006 -4.145196 -4.143135 -4.121897 1705039296
-4.145196 -4.149621 -4.141546 -4.137723 -4.118247 1705039296
-4.145830 -4.151984 -4.148991 -4.138361 -4.125691 1705039296
-4.149621 -4.153242 -4.149464 -4.145830 -4.126165 1705039296
-4.151040 -4.164492 -4.164026 -4.147253 -4.140727 1705039296
-4.171923 -4.175617 -4.164026 -4.163093 -4.140727 1705039296
-4.180981 -4.185555 -4.179911 -4.173002 -4.156611 1705039296
-4.179911 -4.183423 -4.174849 -4.171306 -4.151549 1705039296
-4.170534 -4.174233 -4.153242 -4.152456 -4.129943 1705039296
-4.145671 -4.146462 -4.126489 -4.124874 -4.103190 1705039296
-4.112676 -4.115617 -4.114147 -4.102313 -4.090848 1705039296
-4.124874 -4.141864 -4.139318 -4.123742 -4.116019 1705039296
-4.140751 -4.145196 -4.143135 -4.132924 -4.119836 1705039296
-4.135006 -4.135326 -4.133084 -4.119362 -4.109785 1705039296
-4.132282 -4.145038 -4.143611 -4.129068 -4.120312 1705039296
-4.149779 -4.156380 -4.139796 -4.138202 -4.116497 1705039296
-4.132122 -4.143135 -4.127941 -4.126005 -4.104641 1705039296
-4.124227 -4.130837 -4.126973 -4.115127 -4.103674 1705039296
-4.124550 -4.133565 -4.128907 -4.117735 -4.105608 1705039296
-4.127618 -4.138999 -4.130837 -4.125520 -4.107538 1705039296
-4.138042 -4.138042 -4.119850 -4.118549 -4.096551 1705039296
-4.119037 -4.128263 -4.124712 -4.112839 -4.101413 1705039296
-4.124389 -4.126650 -4.122932 -4.116595 -4.099633 1705039296
-4.130355 -4.131961 -4.127779 -4.125359 -4.104480 1705039296
-4.134686 -4.150095 -4.148833 -4.134206 -4.125534 1705039296
-4.147253 -4.149306 -4.134526 -4.132443 -4.111227 1705039296
-4.138361 -4.146146 -4.140751 -4.130194 -4.117452 1705039296
-4.146937 -4.154027 -4.146304 -4.142182 -4.123005 1705039296
-4.147885 -4.159508 -4.157945 -4.138361 -4.134646 1705039296
-4.160132 -4.166510 -4.162937 -4.156850 -4.139638 1705039296
-4.163871 -4.163871 -4.121635 -4.119688 -4.098336 1705039296
-4.129229 -4.136286 -4.118387 -4.114637 -4.095088 1705039296
-4.110710 -4.115780 -4.095344 -4.093678 -4.072045 1705039296
-4.088662 -4.095510 -4.089164 -4.084294 -4.065866 1705039296
-4.088997 -4.092009 -4.078554 -4.078215 -4.055255 1705039296
-4.080077 -4.091006 -4.083958 -4.079400 -4.060658 1705039296
-4.089834 -4.100658 -4.098004 -4.089667 -4.074706 1705039296
-4.094345 -4.099166 -4.093511 -4.089667 -4.070212 1705039296
-4.099664 -4.100492 -4.093010 -4.089834 -4.069711 1705039296
-4.098835 -4.104955 -4.098835 -4.092175 -4.075535 1705039296
-4.100327 -4.100327 -4.092844 -4.087656 -4.069544 1705039296
-4.089499 -4.096841 -4.096509 -4.080584 -4.073210 1705039296
-4.097008 -4.109069 -4.107919 -4.093177 -4.084620 1705039296
-4.110382 -4.123256 -4.112676 -4.108740 -4.089376 1705039296
-4.106438 -4.107754 -4.093844 -4.093344 -4.070545 1705039296
-4.099995 -4.103800 -4.094011 -4.093844 -4.070712 1705039296
-4.085976 -4.088830 -4.074652 -4.073462 -4.051353 1705039296
-4.067144 -4.076011 -4.063370 -4.062338 -4.040071 1705039296
-4.061821 -4.067144 -4.059753 -4.051611 -4.036454 1705039296
-4.055777 -4.071929 -4.068514 -4.055777 -4.045215 1705039296
-4.080077 -4.085472 -4.064401 -4.061994 -4.041101 1705039296
-4.059408 -4.062854 -4.054911 -4.043227 -4.031611 1705039296
-4.049521 -4.055950 -4.021057 -4.020339 -3.997758 1705039296
-4.029806 -4.029806 -4.028561 -4.009875 -4.005262 1705039296
-4.007333 -4.007333 -3.992681 -3.973682 -3.969382 1705039296
-3.983972 -4.008242 -4.002047 -3.969726 -3.978747 1705039296
-3.992865 -3.999668 -3.993603 -3.979868 -3.970304 1705039296
-4.002412 -4.030517 -4.029450 -3.999301 -4.006151 1705039296
-4.035655 -4.037774 -4.033533 -4.027492 -4.010233 1705039296
-4.037421 -4.037421 -4.014580 -4.007515 -3.991281 1705039296
-4.021953 -4.023207 -4.004420 -4.001681 -3.981121 1705039296
-4.010057 -4.024280 -4.023027 -4.007515 -3.999728 1705039296
-4.013134 -4.023386 -4.013134 -4.008242 -3.989836 1705039296
-4.006060 -4.008060 -3.993050 -3.985831 -3.969751 1705039296
-3.989169 -3.995812 -3.983785 -3.979682 -3.960486 1705039296
-3.976499 -3.984716 -3.975373 -3.972365 -3.952074 1705039296
-3.968025 -3.984158 -3.976686 -3.959479 -3.953387 1705039296
-3.976686 -3.984716 -3.974246 -3.970480 -3.950947 1705039296
-3.967268 -3.982854 -3.978559 -3.966511 -3.955260 1705039296
-3.975936 -4.003325 -3.999668 -3.975373 -3.976368 1705039296
-4.007152 -4.014760 -3.998751 -3.996364 -3.975452 1705039296
-4.003690 -4.015121 -4.006423 -4.000400 -3.983124 1705039296
-4.004967 -4.008060 -4.003690 -3.995261 -3.980391 1705039296
-4.008787 -4.036186 -4.034241 -4.007152 -4.010942 1705039296
-4.052133 -4.079400 -4.076859 -4.049870 -4.053560 1705039296
-4.080077 -4.105285 -4.086480 -4.080077 -4.063181 1705039296
-4.087656 -4.100161 -4.089164 -4.084126 -4.065866 1705039296
-4.092844 -4.092844 -4.080752 -4.076520 -4.057454 1705039296
-4.081934 -4.088997 -4.074822 -4.073121 -4.051523 1705039296
-4.078893 -4.082272 -4.058545 -4.058026 -4.035245 1705039296
-4.064916 -4.078554 -4.077707 -4.057681 -4.054408 1705039296
-4.073121 -4.082103 -4.076350 -4.068856 -4.053051 1705039296
-4.095344 -4.118549 -4.117898 -4.094345 -4.094599 1705039296
-4.120337 -4.127134 -4.125197 -4.117084 -4.101898 1705039296
-4.127618 -4.129872 -4.120986 -4.116758 -4.097687 1705039296
-4.122446 -4.132764 -4.128585 -4.121473 -4.105286 1705039296
-4.132603 -4.142499 -4.140592 -4.128907 -4.117293 1705039296
-4.138680 -4.138680 -4.127941 -4.122122 -4.104641 1705039296
-4.128424 -4.136606 -4.131480 -4.127618 -4.108181 1705039296
-4.142499 -4.143135 -4.135006 -4.133886 -4.111707 1705039296
-4.143293 -4.145038 -4.126973 -4.125682 -4.103674 1705039296
-4.126973 -4.137723 -4.134366 -4.126005 -4.111067 1705039296
-4.130677 -4.136286 -4.128263 -4.126650 -4.104964 1705039296
-4.124065 -4.148359 -4.146937 -4.116921 -4.123638 1705039296
-4.153871 -4.158102 -4.155753 -4.145196 -4.132454 1705039296
-4.150568 -4.157320 -4.141864 -4.137084 -4.118565 1705039296
-4.142499 -4.151512 -4.149779 -4.130677 -4.126480 1705039296
-4.158258 -4.163871 -4.155596 -4.154499 -4.132298 1705039296
-4.158414 -4.158570 -4.151670 -4.145354 -4.128371 1705039296
-4.157320 -4.159976 -4.157789 -4.150095 -4.134490 1705039296
-4.153714 -4.159039 -4.157945 -4.151512 -4.134646 1705039296
-4.159508 -4.167130 -4.166820 -4.146462 -4.143521 1705039296
-4.165890 -4.183423 -4.180216 -4.155910 -4.156917 1705039296
-4.178992 -4.217005 -4.216857 -4.174541 -4.193558 1705039296
-4.216267 -4.223324 -4.215234 -4.209012 -4.191935 1705039296
-4.221124 -4.231930 -4.228584 -4.205140 -4.205285 1705039296
-4.233382 -4.244487 -4.231494 -4.227855 -4.208195 1705039296
-4.216120 -4.220096 -4.198104 -4.197202 -4.189840 1705039296
-4.203647 -4.218772 -4.217299 -4.203647 -4.209036 1705039296
-4.224495 -4.225665 -4.216710 -4.213608 -4.208446 1705039296
-4.223910 -4.229749 -4.224056 -4.219802 -4.215793 1705039296
-4.229458 -4.231059 -4.226250 -4.221564 -4.217986 1705039296
-4.228438 -4.229749 -4.218919 -4.218036 -4.210656 1705039296
-4.224349 -4.225226 -4.217299 -4.216857 -4.209036 1705039296
-4.210496 -4.217889 -4.207673 -4.200954 -4.199409 1705039296
-4.205588 -4.206929 -4.184642 -4.184033 -4.176379 1705039296
-4.185251 -4.189048 -4.179605 -4.174695 -4.171341 1705039296
-4.185555 -4.204842 -4.202900 -4.184338 -4.194636 1705039296
-4.202751 -4.208863 -4.204543 -4.200205 -4.196280 1705039296
-4.196450 -4.197653 -4.178073 -4.177613 -4.169809 1705039296
-4.178839 -4.184794 -4.182508 -4.175617 -4.174244 1705039296
-4.183118 -4.191925 -4.190109 -4.176692 -4.181846 1705039296
-4.199455 -4.200804 -4.194944 -4.192832 -4.186680 1705039296
-4.174387 -4.181286 -4.165424 -4.163249 -4.157160 1705039296
-4.159508 -4.159508 -4.153085 -4.143769 -4.144821 1705039296
-4.155753 -4.158258 -4.157945 -4.146304 -4.149682 1705039296
-4.161380 -4.177306 -4.176232 -4.155910 -4.167968 1705039296
-4.177306 -4.178839 -4.159508 -4.156223 -4.151244 1705039296
-4.164026 -4.166975 -4.165735 -4.154027 -4.157471 1705039296
-4.178226 -4.181286 -4.165579 -4.164803 -4.157316 1705039296
-4.172077 -4.184338 -4.181898 -4.156537 -4.173634 1705039296
-4.183576 -4.201104 -4.195547 -4.181286 -4.187283 1705039296
-4.198855 -4.198855 -4.195396 -4.188290 -4.187132 1705039296
-4.190866 -4.207227 -4.205140 -4.190715 -4.196877 1705039296
-4.203050 -4.212424 -4.199605 -4.197653 -4.191341 1705039296
-4.201104 -4.221417 -4.214200 -4.200205 -4.205936 1705039296
-4.207376 -4.219655 -4.218625 -4.206333 -4.210361 1705039296
-4.213312 -4.220830 -4.213608 -4.204394 -4.205344 1705039296
-4.219361 -4.238012 -4.232946 -4.215677 -4.224683 1705039296
-4.235844 -4.239743 -4.231349 -4.227272 -4.223085 1705039296
-4.230622 -4.230622 -4.212572 -4.210793 -4.204308 1705039296
-4.216267 -4.218625 -4.210942 -4.210348 -4.202678 1705039296
-4.212424 -4.222004 -4.212720 -4.210200 -4.204456 1705039296
-4.199605 -4.207822 -4.197954 -4.194039 -4.189690 1705039296
-4.210348 -4.211238 -4.209457 -4.203498 -4.201194 1705039296
-4.210200 -4.219067 -4.213312 -4.209160 -4.205049 1705039296
-4.211683 -4.213460 -4.209160 -4.205737 -4.200897 1705039296
-4.216710 -4.220830 -4.209309 -4.206333 -4.201045 1705039296
-4.212720 -4.212720 -4.206482 -4.201553 -4.198218 1705039296
-4.215086 -4.215086 -4.207673 -4.197202 -4.199409 1705039296
-4.209160 -4.209160 -4.197653 -4.192983 -4.189389 1705039296
-4.197653 -4.197653 -4.192227 -4.188442 -4.183963 1705039296
-4.192076 -4.196149 -4.191471 -4.188442 -4.183208 1705039296
-4.183881 -4.188897 -4.172694 -4.166510 -4.164430 1705039296
-4.175617 -4.182050 -4.178073 -4.169916 -4.169809 1705039296
-4.178073 -4.192227 -4.184185 -4.173310 -4.175921 1705039296
-4.178686 -4.191018 -4.184033 -4.178686 -4.175769 1705039296
-4.180828 -4.190866 -4.187835 -4.179298 -4.179571 1705039296
-4.195095 -4.198404 -4.184947 -4.184947 -4.176683 1705039296
-4.189655 -4.191169 -4.183423 -4.181439 -4.175159 1705039296
-4.184947 -4.193888 -4.183423 -4.180828 -4.175159 1705039296
-4.183271 -4.193436 -4.187228 -4.180063 -4.178964 1705039296
-4.187683 -4.189352 -4.182508 -4.176846 -4.174244 1705039296
-4.183881 -4.208119 -4.207227 -4.182508 -4.198963 1705039296
-4.207822 -4.215382 -4.208714 -4.203498 -4.200451 1705039296
-4.205140 -4.218184 -4.203946 -4.200055 -4.195683 1705039296
-4.207227 -4.211535 -4.203946 -4.197503 -4.195683 1705039296
-4.199755 -4.199905 -4.190563 -4.188745 -4.182300 1705039296
-4.190715 -4.222151 -4.218184 -4.187076 -4.209919 1705039296
-4.215825 -4.219802 -4.214052 -4.208714 -4.205788 1705039296
-4.213904 -4.217889 -4.211831 -4.209309 -4.203568 1705039296
-4.212868 -4.218625 -4.213460 -4.208566 -4.205196 1705039296
-4.216120 -4.229167 -4.226250 -4.210793 -4.217986 1705039296
-4.231204 -4.240031 -4.235265 -4.225080 -4.227002 1705039296
-4.239599 -4.244200 -4.238589 -4.234976 -4.230326 1705039296
-4.241039 -4.243052 -4.232946 -4.226250 -4.224683 1705039296
-4.237434 -4.239743 -4.236712 -4.230768 -4.228448 1705039296
-4.235120 -4.246493 -4.234396 -4.231640 -4.226132 1705039296
-4.245061 -4.251491 -4.238445 -4.236856 -4.230181 1705039296
-4.250208 -4.253767 -4.253056 -4.243770 -4.244792 1705039296
-4.259152 -4.261271 -4.256605 -4.251633 -4.248342 1705039296
-4.257030 -4.264369 -4.245777 -4.242764 -4.237514 1705039296
-4.234831 -4.235844 -4.225957 -4.219067 -4.217694 1705039296
-4.229604 -4.229604 -4.229312 -4.219655 -4.221049 1705039296
-4.216562 -4.220390 -4.210942 -4.209160 -4.202678 1705039296
-4.215382 -4.216415 -4.197803 -4.195998 -4.189539 1705039296
-4.186924 -4.186924 -4.172385 -4.170379 -4.164122 1705039296
-4.184642 -4.187683 -4.173156 -4.170070 -4.164892 1705039296
-4.173772 -4.178533 -4.173156 -4.167130 -4.164892 1705039296
-4.166355 -4.173926 -4.172694 -4.160444 -4.164430 1705039296
-4.168214 -4.184642 -4.183576 -4.165890 -4.175312 1705039296
-4.187987 -4.199305 -4.197052 -4.184033 -4.188788 1705039296
-4.193737 -4.197352 -4.186164 -4.179911 -4.177900 1705039296
-4.170843 -4.190109 -4.186620 -4.165890 -4.178356 1705039296
-4.196300 -4.205439 -4.202451 -4.186620 -4.194188 1705039296
-4.208268 -4.211387 -4.208417 -4.202900 -4.200153 1705039296
-4.202451 -4.206780 -4.181745 -4.181134 -4.173481 1705039296
-4.185555 -4.201104 -4.188593 -4.183728 -4.180330 1705039296
-4.197352 -4.202003 -4.191774 -4.190109 -4.183510 1705039296
-4.207227 -4.210200 -4.201703 -4.191018 -4.193439 1705039296
-4.209160 -4.214495 -4.210645 -4.205588 -4.202382 1705039296
-4.209012 -4.214643 -4.204394 -4.200505 -4.196130 1705039296
-4.196300 -4.210348 -4.205588 -4.195848 -4.197324 1705039296
-4.200954 -4.230477 -4.228147 -4.200954 -4.219883 1705039296
-4.229458 -4.235120 -4.226396 -4.224641 -4.218132 1705039296
-4.231494 -4.238156 -4.224203 -4.223470 -4.215939 1705039296
-4.221858 -4.228001 -4.214347 -4.212572 -4.206084 1705039296
-4.221417 -4.242190 -4.228584 -4.220096 -4.220321 1705039296
-4.229167 -4.234107 -4.229604 -4.221858 -4.221340 1705039296
-4.232656 -4.237434 -4.233527 -4.227709 -4.225263 1705039296
-4.230913 -4.235120 -4.232076 -4.227709 -4.223812 1705039296
-4.229604 -4.230622 -4.214347 -4.212572 -4.206084 1705039296
-4.213756 -4.215086 -4.210793 -4.205289 -4.202530 1705039296
-4.214939 -4.215825 -4.196901 -4.195095 -4.188638 1705039296
-4.202003 -4.202003 -4.188442 -4.187683 -4.180178 1705039296
-4.190715 -4.197653 -4.179145 -4.177766 -4.170881 1705039296
-4.170688 -4.176232 -4.168833 -4.154499 -4.160570 1705039296
-4.170534 -4.178380 -4.170843 -4.161224 -4.162579 1705039296
-4.172385 -4.177459 -4.172848 -4.159195 -4.164584 1705039296
-4.128907 -4.136446 -4.059236 -4.051959 -4.050972 1705039296
-4.061305 -4.095843 -4.085472 -4.061305 -4.077209 1705039296
-4.106438 -4.126973 -4.126489 -4.096509 -4.118226 1705039296
-4.126489 -4.148043 -4.104625 -4.091006 -4.096361 1705039296
-4.103965 -4.110546 -4.047428 -4.046379 -4.039164 1705039296
-4.041647 -4.057681 -4.057681 -4.036716 -4.049417 1705039296
-4.037245 -4.048650 -4.036539 -4.032115 -4.036539 1705039296
-4.028917 -4.033710 -4.016563 -4.011687 -4.016563 1705039296
-4.025352 -4.031405 -4.018902 -4.012049 -4.018902 1705039296
-4.010601 -4.022491 -4.018363 -4.005149 -4.018363 1705039296
-4.011687 -4.017104 -4.015482 -4.005149 -4.015482 1705039296
-4.026066 -4.047952 -4.039360 -4.025709 -4.039360 1705039296
